{"timestamp":"2025-06-16T10:10:54.696656","level":"info","event":"Filling up the DagBag from /home/airflow/.local/lib/python3.12/site-packages/airflow/example_dags/example_task_group_decorator.py","logger":"airflow.models.dagbag.DagBag"}
{"timestamp":"2025-06-16T10:24:23.690089","level":"info","event":"Filling up the DagBag from /home/airflow/.local/lib/python3.12/site-packages/airflow/example_dags/example_task_group_decorator.py","logger":"airflow.models.dagbag.DagBag"}
{"timestamp":"2025-06-16T10:40:09.749800","level":"info","event":"Filling up the DagBag from /home/airflow/.local/lib/python3.12/site-packages/airflow/example_dags/example_task_group_decorator.py","logger":"airflow.models.dagbag.DagBag"}
{"timestamp":"2025-06-16T10:40:41.253172","level":"info","event":"Filling up the DagBag from /home/airflow/.local/lib/python3.12/site-packages/airflow/example_dags/example_task_group_decorator.py","logger":"airflow.models.dagbag.DagBag"}
{"timestamp":"2025-06-16T10:41:20.156002","level":"info","event":"Filling up the DagBag from /home/airflow/.local/lib/python3.12/site-packages/airflow/example_dags/example_task_group_decorator.py","logger":"airflow.models.dagbag.DagBag"}
{"timestamp":"2025-06-16T10:41:53.685405","level":"info","event":"Filling up the DagBag from /home/airflow/.local/lib/python3.12/site-packages/airflow/example_dags/example_task_group_decorator.py","logger":"airflow.models.dagbag.DagBag"}
{"timestamp":"2025-06-16T10:42:40.273886","level":"info","event":"Filling up the DagBag from /home/airflow/.local/lib/python3.12/site-packages/airflow/example_dags/example_task_group_decorator.py","logger":"airflow.models.dagbag.DagBag"}
{"timestamp":"2025-06-16T10:43:26.772630","level":"info","event":"Filling up the DagBag from /home/airflow/.local/lib/python3.12/site-packages/airflow/example_dags/example_task_group_decorator.py","logger":"airflow.models.dagbag.DagBag"}
{"timestamp":"2025-06-16T10:45:08.506960","level":"info","event":"Filling up the DagBag from /home/airflow/.local/lib/python3.12/site-packages/airflow/example_dags/example_task_group_decorator.py","logger":"airflow.models.dagbag.DagBag"}
{"timestamp":"2025-06-16T10:45:55.887613","level":"info","event":"Filling up the DagBag from /home/airflow/.local/lib/python3.12/site-packages/airflow/example_dags/example_task_group_decorator.py","logger":"airflow.models.dagbag.DagBag"}
{"timestamp":"2025-06-16T10:46:39.150844","level":"info","event":"Filling up the DagBag from /home/airflow/.local/lib/python3.12/site-packages/airflow/example_dags/example_task_group_decorator.py","logger":"airflow.models.dagbag.DagBag"}
{"timestamp":"2025-06-16T10:47:19.114778","level":"info","event":"Filling up the DagBag from /home/airflow/.local/lib/python3.12/site-packages/airflow/example_dags/example_task_group_decorator.py","logger":"airflow.models.dagbag.DagBag"}
{"timestamp":"2025-06-16T10:48:47.654771","level":"info","event":"Filling up the DagBag from /home/airflow/.local/lib/python3.12/site-packages/airflow/example_dags/example_task_group_decorator.py","logger":"airflow.models.dagbag.DagBag"}
{"timestamp":"2025-06-16T10:50:28.523432","level":"info","event":"Filling up the DagBag from /home/airflow/.local/lib/python3.12/site-packages/airflow/example_dags/example_task_group_decorator.py","logger":"airflow.models.dagbag.DagBag"}
{"timestamp":"2025-06-16T10:51:52.817712","level":"info","event":"Filling up the DagBag from /home/airflow/.local/lib/python3.12/site-packages/airflow/example_dags/example_task_group_decorator.py","logger":"airflow.models.dagbag.DagBag"}
{"timestamp":"2025-06-16T10:54:19.089761","level":"info","event":"Filling up the DagBag from /home/airflow/.local/lib/python3.12/site-packages/airflow/example_dags/example_task_group_decorator.py","logger":"airflow.models.dagbag.DagBag"}
{"timestamp":"2025-06-16T10:55:02.330388","level":"error","event":"Process timed out, PID: 823","logger":"airflow.utils.timeout.TimeoutPosix"}
{"timestamp":"2025-06-16T10:55:02.352421Z","level":"error","event":"Exception ignored in: <function _collection_gced at 0x7f955d1984a0>","chan":"stderr","logger":"processor"}
{"timestamp":"2025-06-16T10:55:02.356093Z","level":"error","event":"Traceback (most recent call last):","chan":"stderr","logger":"processor"}
{"timestamp":"2025-06-16T10:55:02.359204Z","level":"error","event":"  File \"/home/airflow/.local/lib/python3.12/site-packages/sqlalchemy/event/registry.py\", line 53, in _collection_gced","chan":"stderr","logger":"processor"}
{"timestamp":"2025-06-16T10:55:02.360627Z","level":"error","event":"    def _collection_gced(ref):","chan":"stderr","logger":"processor"}
{"timestamp":"2025-06-16T10:55:02.361655Z","level":"error","event":"","chan":"stderr","logger":"processor"}
{"timestamp":"2025-06-16T10:55:02.362958Z","level":"error","event":"  File \"/home/airflow/.local/lib/python3.12/site-packages/airflow/utils/timeout.py\", line 69, in handle_timeout","chan":"stderr","logger":"processor"}
{"timestamp":"2025-06-16T10:55:02.364360Z","level":"error","event":"    raise AirflowTaskTimeout(self.error_message)","chan":"stderr","logger":"processor"}
{"timestamp":"2025-06-16T10:55:02.365511Z","level":"error","event":"airflow.exceptions.AirflowTaskTimeout: DagBag import timeout for /home/airflow/.local/lib/python3.12/site-packages/airflow/example_dags/example_task_group_decorator.py after 30.0s.","chan":"stderr","logger":"processor"}
{"timestamp":"2025-06-16T10:55:02.366653Z","level":"error","event":"Please take a look at these docs to improve your DAG import time:","chan":"stderr","logger":"processor"}
{"timestamp":"2025-06-16T10:55:02.368185Z","level":"error","event":"* https://airflow.apache.org/docs/apache-airflow/3.0.1/best-practices.html#top-level-python-code","chan":"stderr","logger":"processor"}
{"timestamp":"2025-06-16T10:55:02.372967Z","level":"error","event":"* https://airflow.apache.org/docs/apache-airflow/3.0.1/best-practices.html#reducing-dag-complexity, PID: 823","chan":"stderr","logger":"processor"}
{"timestamp":"2025-06-16T10:55:34.818356","level":"info","event":"Filling up the DagBag from /home/airflow/.local/lib/python3.12/site-packages/airflow/example_dags/example_task_group_decorator.py","logger":"airflow.models.dagbag.DagBag"}
{"timestamp":"2025-06-16T10:56:15.723987","level":"info","event":"Filling up the DagBag from /home/airflow/.local/lib/python3.12/site-packages/airflow/example_dags/example_task_group_decorator.py","logger":"airflow.models.dagbag.DagBag"}
{"timestamp":"2025-06-16T10:56:55.783504","level":"info","event":"Filling up the DagBag from /home/airflow/.local/lib/python3.12/site-packages/airflow/example_dags/example_task_group_decorator.py","logger":"airflow.models.dagbag.DagBag"}
{"timestamp":"2025-06-16T10:57:28.527617","level":"info","event":"Filling up the DagBag from /home/airflow/.local/lib/python3.12/site-packages/airflow/example_dags/example_task_group_decorator.py","logger":"airflow.models.dagbag.DagBag"}
{"timestamp":"2025-06-16T10:59:11.916297","level":"info","event":"Filling up the DagBag from /home/airflow/.local/lib/python3.12/site-packages/airflow/example_dags/example_task_group_decorator.py","logger":"airflow.models.dagbag.DagBag"}
{"timestamp":"2025-06-16T12:16:02.871968","level":"info","event":"Filling up the DagBag from /home/airflow/.local/lib/python3.12/site-packages/airflow/example_dags/example_task_group_decorator.py","logger":"airflow.models.dagbag.DagBag"}
{"timestamp":"2025-06-16T12:16:33.363187","level":"info","event":"Filling up the DagBag from /home/airflow/.local/lib/python3.12/site-packages/airflow/example_dags/example_task_group_decorator.py","logger":"airflow.models.dagbag.DagBag"}
{"timestamp":"2025-06-16T12:17:04.516648","level":"info","event":"Filling up the DagBag from /home/airflow/.local/lib/python3.12/site-packages/airflow/example_dags/example_task_group_decorator.py","logger":"airflow.models.dagbag.DagBag"}
{"timestamp":"2025-06-16T12:17:36.687923","level":"info","event":"Filling up the DagBag from /home/airflow/.local/lib/python3.12/site-packages/airflow/example_dags/example_task_group_decorator.py","logger":"airflow.models.dagbag.DagBag"}
{"timestamp":"2025-06-16T12:18:07.647793","level":"info","event":"Filling up the DagBag from /home/airflow/.local/lib/python3.12/site-packages/airflow/example_dags/example_task_group_decorator.py","logger":"airflow.models.dagbag.DagBag"}
{"timestamp":"2025-06-16T12:18:41.336066","level":"info","event":"Filling up the DagBag from /home/airflow/.local/lib/python3.12/site-packages/airflow/example_dags/example_task_group_decorator.py","logger":"airflow.models.dagbag.DagBag"}
{"timestamp":"2025-06-16T12:19:12.928667","level":"info","event":"Filling up the DagBag from /home/airflow/.local/lib/python3.12/site-packages/airflow/example_dags/example_task_group_decorator.py","logger":"airflow.models.dagbag.DagBag"}
